2025-11-26T09:59:57.717+03:00  INFO 25088 --- [dummy] [main] com.example.dummy.DummyApplication       : Starting DummyApplication using Java 25 with PID 25088 (E:\Bell Integrator\стажировка_задачи\01\java_dummy_1\dummy\target\classes started by qwert in E:\Bell Integrator\стажировка_задачи\01\java_dummy_1\dummy)
2025-11-26T09:59:57.724+03:00  INFO 25088 --- [dummy] [main] com.example.dummy.DummyApplication       : No active profile set, falling back to 1 default profile: "default"
2025-11-26T09:59:59.008+03:00  INFO 25088 --- [dummy] [main] .s.d.r.c.RepositoryConfigurationDelegate : Bootstrapping Spring Data JPA repositories in DEFAULT mode.
2025-11-26T09:59:59.035+03:00  INFO 25088 --- [dummy] [main] .s.d.r.c.RepositoryConfigurationDelegate : Finished Spring Data repository scanning in 12 ms. Found 0 JPA repository interfaces.
2025-11-26T09:59:59.499+03:00  INFO 25088 --- [dummy] [main] o.s.b.w.embedded.tomcat.TomcatWebServer  : Tomcat initialized with port 8080 (http)
2025-11-26T09:59:59.514+03:00  INFO 25088 --- [dummy] [main] o.apache.catalina.core.StandardService   : Starting service [Tomcat]
2025-11-26T09:59:59.514+03:00  INFO 25088 --- [dummy] [main] o.apache.catalina.core.StandardEngine    : Starting Servlet engine: [Apache Tomcat/10.1.48]
2025-11-26T09:59:59.561+03:00  INFO 25088 --- [dummy] [main] o.a.c.c.C.[Tomcat].[localhost].[/]       : Initializing Spring embedded WebApplicationContext
2025-11-26T09:59:59.561+03:00  INFO 25088 --- [dummy] [main] w.s.c.ServletWebServerApplicationContext : Root WebApplicationContext: initialization completed in 1751 ms
2025-11-26T09:59:59.858+03:00  INFO 25088 --- [dummy] [main] com.zaxxer.hikari.HikariDataSource       : HikariPool-1 - Starting...
2025-11-26T10:00:00.057+03:00  INFO 25088 --- [dummy] [main] com.zaxxer.hikari.pool.HikariPool        : HikariPool-1 - Added connection org.postgresql.jdbc.PgConnection@599a9cb2
2025-11-26T10:00:00.058+03:00  INFO 25088 --- [dummy] [main] com.zaxxer.hikari.HikariDataSource       : HikariPool-1 - Start completed.
2025-11-26T10:00:00.095+03:00  INFO 25088 --- [dummy] [main] o.hibernate.jpa.internal.util.LogHelper  : HHH000204: Processing PersistenceUnitInfo [name: default]
2025-11-26T10:00:00.153+03:00  INFO 25088 --- [dummy] [main] org.hibernate.Version                    : HHH000412: Hibernate ORM core version 6.6.33.Final
2025-11-26T10:00:00.188+03:00  INFO 25088 --- [dummy] [main] o.h.c.internal.RegionFactoryInitiator    : HHH000026: Second-level cache disabled
2025-11-26T10:00:00.531+03:00  INFO 25088 --- [dummy] [main] o.s.o.j.p.SpringPersistenceUnitInfo      : No LoadTimeWeaver setup: ignoring JPA class transformer
2025-11-26T10:00:00.612+03:00  INFO 25088 --- [dummy] [main] org.hibernate.orm.connections.pooling    : HHH10001005: Database info:
	Database JDBC URL [Connecting through datasource 'HikariDataSource (HikariPool-1)']
	Database driver: undefined/unknown
	Database version: 15.14
	Autocommit mode: undefined/unknown
	Isolation level: undefined/unknown
	Minimum pool size: undefined/unknown
	Maximum pool size: undefined/unknown
2025-11-26T10:00:00.888+03:00  INFO 25088 --- [dummy] [main] o.h.e.t.j.p.i.JtaPlatformInitiator       : HHH000489: No JTA platform available (set 'hibernate.transaction.jta.platform' to enable JTA platform integration)
2025-11-26T10:00:00.891+03:00  INFO 25088 --- [dummy] [main] j.LocalContainerEntityManagerFactoryBean : Initialized JPA EntityManagerFactory for persistence unit 'default'
2025-11-26T10:00:00.980+03:00  WARN 25088 --- [dummy] [main] JpaBaseConfiguration$JpaWebConfiguration : spring.jpa.open-in-view is enabled by default. Therefore, database queries may be performed during view rendering. Explicitly configure spring.jpa.open-in-view to disable this warning
2025-11-26T10:00:01.401+03:00  INFO 25088 --- [dummy] [main] o.s.b.a.e.web.EndpointLinksResolver      : Exposing 4 endpoints beneath base path '/actuator'
2025-11-26T10:00:01.471+03:00  INFO 25088 --- [dummy] [main] o.s.b.w.embedded.tomcat.TomcatWebServer  : Tomcat started on port 8080 (http) with context path '/'
2025-11-26T10:00:01.483+03:00  INFO 25088 --- [dummy] [main] com.example.dummy.DummyApplication       : Started DummyApplication in 4.505 seconds (process running for 6.165)
2025-11-26T10:00:09.494+03:00  INFO 25088 --- [dummy] [http-nio-8080-exec-1] o.a.c.c.C.[Tomcat].[localhost].[/]       : Initializing Spring DispatcherServlet 'dispatcherServlet'
2025-11-26T10:00:09.496+03:00  INFO 25088 --- [dummy] [http-nio-8080-exec-1] o.s.web.servlet.DispatcherServlet        : Initializing Servlet 'dispatcherServlet'
2025-11-26T10:00:09.496+03:00  INFO 25088 --- [dummy] [http-nio-8080-exec-1] o.s.web.servlet.DispatcherServlet        : Completed initialization in 0 ms
2025-11-26T11:30:24.969+03:00  INFO 25088 --- [dummy] [SpringApplicationShutdownHook] o.s.b.w.e.tomcat.GracefulShutdown        : Commencing graceful shutdown. Waiting for active requests to complete
2025-11-26T11:30:24.976+03:00  INFO 25088 --- [dummy] [tomcat-shutdown] o.s.b.w.e.tomcat.GracefulShutdown        : Graceful shutdown complete
2025-11-26T11:30:24.981+03:00  INFO 25088 --- [dummy] [SpringApplicationShutdownHook] j.LocalContainerEntityManagerFactoryBean : Closing JPA EntityManagerFactory for persistence unit 'default'
2025-11-26T11:30:24.984+03:00  INFO 25088 --- [dummy] [SpringApplicationShutdownHook] com.zaxxer.hikari.HikariDataSource       : HikariPool-1 - Shutdown initiated...
2025-11-26T11:30:24.985+03:00  INFO 25088 --- [dummy] [SpringApplicationShutdownHook] com.zaxxer.hikari.HikariDataSource       : HikariPool-1 - Shutdown completed.
